<?xml version="1.0" encoding="UTF-8"?>
<!-- Generated by org.testng.reporters.JUnitReportReporter -->
<testsuite hostname="DESKTOP-DA6GEAH" failures="0" tests="2" name="com.AmazonCA.qa.testcases.Homepagetest" time="17.624" errors="0" timestamp="30 Jun. 2023 20:53:22 GMT" skipped="0">
  <testcase classname="com.AmazonCA.qa.testcases.Homepagetest" name="footerpresentTest" time="8.668"/>
  <testcase classname="com.AmazonCA.qa.testcases.Homepagetest" name="HomepageTitleTest" time="8.956"/>
</testsuite> <!-- com.AmazonCA.qa.testcases.Homepagetest -->
